#
# A fatal error has been detected by the Java Runtime Environment:
#
#  SIGSEGV (0xb) at pc=0x00007f3dfa638401, pid=2000, tid=2082
#
# JRE version: OpenJDK Runtime Environment (11.0.8+10) (build 11.0.8+10-post-Ubuntu-0ubuntu118.04.1)
# Java VM: OpenJDK 64-Bit Server VM (11.0.8+10-post-Ubuntu-0ubuntu118.04.1, mixed mode, sharing, tiered, compressed oops, serial gc, linux-amd64)
# Problematic frame:
# C  [libjimage.so+0x2401]
#
# Core dump will be written. Default location: Core dumps may be processed with "/usr/share/apport/apport %p %s %c %d %P %E" (or dumping to /home/runner/Matheus-Ribeiro-Summative-2/core.2000)
#
# If you would like to submit a bug report, please visit:
#   https://bugs.launchpad.net/ubuntu/+source/openjdk-lts
#

---------------  S U M M A R Y ------------

Command Line: Sketch

Host: Intel(R) Xeon(R) CPU @ 2.30GHz, 4 cores, 512M, Ubuntu 18.04.5 LTS
Time: Fri Oct 30 13:35:24 2020 UTC elapsed time: 135 seconds (0d 0h 2m 15s)

---------------  T H R E A D  ---------------

Current thread (0x00007f3d9c024800):  JavaThread "XToolkt-Shutdown-Thread" [_thread_in_vm, id=2082, stack(0x00007f3daea06000,0x00007f3daeb07000)]

Stack: [0x00007f3daea06000,0x00007f3daeb07000],  sp=0x00007f3daeb035f0,  free space=1013k
Native frames: (J=compiled Java code, A=aot compiled Java code, j=interpreted, Vv=VM code, C=native code)
C  [libjimage.so+0x2401]
C  [libjimage.so+0x30ea]
C  [libjimage.so+0x35c6]  JIMAGE_FindResource+0xd6
V  [libjvm.so+0x59097e]
V  [libjvm.so+0x5936e0]
V  [libjvm.so+0xd50b85]
V  [libjvm.so+0xd4e51a]
V  [libjvm.so+0xd4eb55]
V  [libjvm.so+0x587b37]
V  [libjvm.so+0x58d43e]
V  [libjvm.so+0x58dad1]
V  [libjvm.so+0xa05ce5]
V  [libjvm.so+0x593727]
V  [libjvm.so+0xd50b85]
V  [libjvm.so+0xd4e51a]
V  [libjvm.so+0xd51112]
V  [libjvm.so+0x647127]
V  [libjvm.so+0xa3c57a]
V  [libjvm.so+0x844136]
V  [libjvm.so+0x84502d]
j  sun.awt.X11.XToolkit.lambda$init$0()V+0 java.desktop@11.0.8
j  sun.awt.X11.XToolkit$$Lambda$11.run()V+4 java.desktop@11.0.8
j  java.lang.Thread.run()V+11 java.base@11.0.8
v  ~StubRoutines::call_stub
V  [libjvm.so+0x84eb09]
V  [libjvm.so+0x84cc4d]
V  [libjvm.so+0x8f6c9c]
V  [libjvm.so+0xd8996f]
V  [libjvm.so+0xd860bf]
V  [libjvm.so+0xbd632e]

Java frames: (J=compiled Java code, j=interpreted, Vv=VM code)
j  sun.awt.X11.XToolkit.lambda$init$0()V+0 java.desktop@11.0.8
j  sun.awt.X11.XToolkit$$Lambda$11.run()V+4 java.desktop@11.0.8
j  java.lang.Thread.run()V+11 java.base@11.0.8
v  ~StubRoutines::call_stub

siginfo: si_signo: 11 (SIGSEGV), si_code: 1 (SEGV_MAPERR), si_addr: 0x00007f3deb91d5a8

Register to memory mapping:

RAX=0x0000000000006d63 is an unknown value
RBX=0x00007f3daeb036a1 is pointing into the stack for thread: 0x00007f3d9c024800
RCX=0x00007f3deb90201c is an unknown value
RDX=0x0000000000006d63 is an unknown value
RSP=0x00007f3daeb035f0 is pointing into the stack for thread: 0x00007f3d9c024800
RBP=0x00007f3daeb03610 is pointing into the stack for thread: 0x00007f3d9c024800
RSI=0x00007f3daeb036a0 is pointing into the stack for thread: 0x00007f3d9c024800
RDI=0x00007f3dfa83b030: <offset 0x0000000000205030> in /usr/lib/jvm/java-11-openjdk-amd64/lib/libjimage.so at 0x00007f3dfa636000
R8 =0x0 is NULL
R9 =0x000000007a0da894 is an unknown value
R10=0x00007f3daeb036c5 is pointing into the stack for thread: 0x00007f3d9c024800
R11=0x00007f3dfc67107d: <offset 0x0000000000eb307d> in /usr/lib/jvm/java-11-openjdk-amd64/lib/server/libjvm.so at 0x00007f3dfb7be000
R12=0x00007f3daeb036a0 is pointing into the stack for thread: 0x00007f3d9c024800
R13=0x00000000000083bc is an unknown value
R14=0x00007f3daeb04738 is pointing into the stack for thread: 0x00007f3d9c024800
R15=0x00007f3dcc024330 points into unknown readable memory: 6a 61 76 61 2f 61 77 74


Registers:
RAX=0x0000000000006d63, RBX=0x00007f3daeb036a1, RCX=0x00007f3deb90201c, RDX=0x0000000000006d63
RSP=0x00007f3daeb035f0, RBP=0x00007f3daeb03610, RSI=0x00007f3daeb036a0, RDI=0x00007f3dfa83b030
R8 =0x0000000000000000, R9 =0x000000007a0da894, R10=0x00007f3daeb036c5, R11=0x00007f3dfc67107d
R12=0x00007f3daeb036a0, R13=0x00000000000083bc, R14=0x00007f3daeb04738, R15=0x00007f3dcc024330
RIP=0x00007f3dfa638401, EFLAGS=0x0000000000010246, CSGSFS=0x002b000000000033, ERR=0x0000000000000004
  TRAPNO=0x000000000000000e

Top of Stack: (sp=0x00007f3daeb035f0)
0x00007f3daeb035f0:   0000000000000000 00007f3df4009600
0x00007f3daeb03600:   0000000000000000 00007f3daeb036a0
0x00007f3daeb03610:   00007f3daeb03680 00007f3dfa6390ea
0x00007f3daeb03620:   0000000000000000 0000000000000000 

Instructions: (pc=0x00007f3dfa638401)
0x00007f3dfa638301:   c5 4c 01 e3 48 89 ce e8 d3 f3 ff ff e9 69 fd ff
0x00007f3dfa638311:   ff 89 d1 0f b7 74 08 fe 66 41 89 74 0e fe e9 7a
0x00007f3dfa638321:   fe ff ff 0f 1f 40 00 8b 08 49 8d 1c 16 41 89 0e
0x00007f3dfa638331:   89 d1 8b 74 08 fc 41 89 74 0e fc 48 8d 34 10 48
0x00007f3dfa638341:   89 75 b8 e9 0b fe ff ff 0f 1f 80 00 00 00 00 0f
0x00007f3dfa638351:   b6 17 55 89 f0 48 89 e5 84 d2 74 22 48 8d 4f 01
0x00007f3dfa638361:   0f 1f 80 